<?xml version="1.0" encoding="UTF-8" ?>
<testsuite errors="1" failures="0" hostname="alan-System-Product-Name" name="presentation.LoginControllerTest" tests="2" time="105.758" timestamp="2012-02-13T23:10:16">
  <properties>
[...]
</properties>
  <testcase classname="presentation.LoginControllerTest" name="testIsAuthenticated" time="105.399">
    <error type="java.lang.NullPointerException">java.lang.NullPointerException
	at testBase.TestContainer.outputEJBException(TestContainer.java:132)
	at testBase.TestContainer.getContainer(TestContainer.java:52)
	at presentation.LoginControllerTest.testIsAuthenticated(LoginControllerTest.java:99)
</error>
  </testcase>
  <testcase classname="presentation.LoginControllerTest" name="testConstructor" time="0.0" />
  <system-out><![CDATA[isAuthenticated
################################################# Get EJB Container: start ##############################################################
PlainTextActionReporterFAILUREDescription: deploy AdminCommandError occurred during deployment: Exception while preparing the app : Invalid resource : derby/Skeleton__pm. Please see server.log for more details.
    [name=classes
##### EJB Exception Caught: Decoding....
################ Create sample data: LoginControllerTest.testConstructor
]]></system-out>
  <system-err><![CDATA[Feb 13, 2012 4:10:17 PM org.glassfish.ejb.embedded.EJBContainerProviderImpl getValidFile
SEVERE: EJB6004:Specified application server installation location [/home/alan/Java/glassfish3/glassfish/domains/domain1/config/domain.xml] does not exist.
Feb 13, 2012 4:10:20 PM com.sun.enterprise.v3.server.CommonClassLoaderServiceImpl findDerbyClient
INFO: Cannot find javadb client jar file, derby jdbc driver will not be available by default.
Feb 13, 2012 4:10:21 PM org.glassfish.ha.store.spi.BackingStoreFactoryRegistry register
INFO: Registered org.glassfish.ha.store.adapter.cache.ShoalBackingStoreProxy for persistence-type = replicated in BackingStoreFactoryRegistry
Feb 13, 2012 4:10:21 PM com.sun.enterprise.v3.services.impl.GrizzlyService createNetworkProxy
INFO: Network listener http-listener on port 0 disabled per domain.xml
Feb 13, 2012 4:10:21 PM com.sun.enterprise.v3.services.impl.GrizzlyService createNetworkProxy
INFO: Network listener https-listener on port 0 disabled per domain.xml
Feb 13, 2012 4:10:21 PM com.sun.enterprise.v3.server.AppServerStartup run
INFO: GlassFish Server Open Source Edition 3.1.1 (12) startup time : Embedded (1,165ms), startup services(989ms), total(2,154ms)
Feb 13, 2012 4:10:22 PM org.glassfish.admin.mbeanserver.JMXStartupService$JMXConnectorsStarterThread run
INFO: JMXStartupService: JMXConnector system is disabled, skipping.
Feb 13, 2012 4:10:23 PM org.glassfish.ejb.embedded.EJBContainerProviderImpl skipJar
INFO: ... skipping entry with a Manifest file with a special attribute: javax.ejb.jar
Feb 13, 2012 4:10:23 PM org.glassfish.ejb.embedded.EJBContainerProviderImpl skipJar
INFO: ... skipping entry with a Manifest file with a special attribute: jsf-impl.jar
Feb 13, 2012 4:10:23 PM org.glassfish.ejb.embedded.EJBContainerProviderImpl skipJar
INFO: ... skipping entry with a Manifest file with a special attribute: javax.annotation.jar
Feb 13, 2012 4:10:23 PM org.glassfish.ejb.embedded.EJBContainerProviderImpl skipJar
INFO: ... skipping entry with a Manifest file with a special attribute: bean-validator.jar
Feb 13, 2012 4:10:23 PM org.glassfish.ejb.embedded.EJBContainerProviderImpl skipJar
INFO: ... skipping entry with a Manifest file with a special attribute: jsf-api.jar
Feb 13, 2012 4:10:23 PM org.glassfish.ejb.embedded.EJBContainerProviderImpl skipJar
INFO: ... skipping entry with a Manifest file with a special attribute: javax.enterprise.deploy.jar
Feb 13, 2012 4:10:23 PM org.glassfish.ejb.embedded.EJBContainerProviderImpl skipJar
INFO: ... skipping entry with a Manifest file with a special attribute: webservices-osgi.jar
Feb 13, 2012 4:10:23 PM org.glassfish.ejb.embedded.EJBContainerProviderImpl skipJar
INFO: ... skipping entry with a Manifest file with a special attribute: javax.servlet.jsp.jar
Feb 13, 2012 4:10:23 PM org.glassfish.ejb.embedded.EJBContainerProviderImpl skipJar
INFO: ... skipping entry with a Manifest file with a special attribute: javax.management.j2ee.jar
Feb 13, 2012 4:10:23 PM org.glassfish.ejb.embedded.EJBContainerProviderImpl skipJar
INFO: ... skipping entry with a Manifest file with a special attribute: jstl-impl.jar
Feb 13, 2012 4:10:23 PM org.glassfish.ejb.embedded.EJBContainerProviderImpl skipJar
INFO: ... skipping entry with a Manifest file with a special attribute: javax.servlet.jar
Feb 13, 2012 4:10:23 PM org.glassfish.ejb.embedded.EJBContainerProviderImpl skipJar
INFO: ... skipping entry with a Manifest file with a special attribute: weld-osgi-bundle.jar
Feb 13, 2012 4:10:23 PM org.glassfish.ejb.embedded.EJBContainerProviderImpl skipJar
INFO: ... skipping entry with a Manifest file with a special attribute: javax.servlet.jsp.jstl.jar
Feb 13, 2012 4:10:23 PM org.glassfish.ejb.embedded.EJBContainerProviderImpl skipJar
INFO: ... skipping entry with a Manifest file with a special attribute: javax.resource.jar
Feb 13, 2012 4:10:23 PM org.glassfish.ejb.embedded.EJBContainerProviderImpl skipJar
INFO: ... skipping entry with a Manifest file with a special attribute: javax.transaction.jar
Feb 13, 2012 4:10:23 PM org.glassfish.ejb.embedded.EJBContainerProviderImpl skipJar
INFO: ... skipping entry with a Manifest file with a special attribute: webservices-api-osgi.jar
Feb 13, 2012 4:10:23 PM org.glassfish.ejb.embedded.EJBContainerProviderImpl skipJar
INFO: ... skipping entry with a Manifest file with a special attribute: javax.jms.jar
Feb 13, 2012 4:10:23 PM org.glassfish.ejb.embedded.EJBContainerProviderImpl skipJar
INFO: ... skipping entry with a Manifest file with a special attribute: javax.security.jacc.jar
Feb 13, 2012 4:10:23 PM org.glassfish.ejb.embedded.EJBContainerProviderImpl skipJar
INFO: ... skipping entry with a Manifest file with a special attribute: javax.security.auth.message.jar
Feb 13, 2012 4:10:23 PM org.glassfish.ejb.embedded.EJBContainerProviderImpl skipJar
INFO: ... skipping entry with a Manifest file with a special attribute: glassfish-embedded-static-shell.jar
Feb 13, 2012 4:10:24 PM org.glassfish.ejb.embedded.DeploymentElement getOrCreateApplication
INFO: [DeploymentElement] adding EJB module to ScatteredArchive classes
Feb 13, 2012 4:10:24 PM org.glassfish.ejb.embedded.DeploymentElement getOrCreateApplication
INFO: [DeploymentElement] adding library to ScatteredArchive jaxb-osgi.jar
Feb 13, 2012 4:10:24 PM org.glassfish.ejb.embedded.DeploymentElement getOrCreateApplication
INFO: [DeploymentElement] adding library to ScatteredArchive mysql-connector-java-5.1.13-bin.jar
Feb 13, 2012 4:10:24 PM org.glassfish.ejb.embedded.DeploymentElement getOrCreateApplication
INFO: [DeploymentElement] adding library to ScatteredArchive commons-fileupload-1.2.2.jar
Feb 13, 2012 4:10:24 PM org.glassfish.ejb.embedded.DeploymentElement getOrCreateApplication
INFO: [DeploymentElement] adding library to ScatteredArchive commons-io-2.1.jar
Feb 13, 2012 4:10:24 PM org.glassfish.ejb.embedded.DeploymentElement getOrCreateApplication
INFO: [DeploymentElement] adding library to ScatteredArchive commons-codec-1.6.jar
Feb 13, 2012 4:10:24 PM org.glassfish.ejb.embedded.DeploymentElement getOrCreateApplication
INFO: [DeploymentElement] adding library to ScatteredArchive javax.mail.jar
Feb 13, 2012 4:10:24 PM org.glassfish.ejb.embedded.DeploymentElement getOrCreateApplication
INFO: [DeploymentElement] adding library to ScatteredArchive jaxm-api.jar
Feb 13, 2012 4:10:24 PM org.glassfish.ejb.embedded.DeploymentElement getOrCreateApplication
INFO: [DeploymentElement] adding library to ScatteredArchive derbyclient.jar
Feb 13, 2012 4:10:24 PM org.glassfish.ejb.embedded.DeploymentElement getOrCreateApplication
INFO: [DeploymentElement] adding library to ScatteredArchive ant.jar
Feb 13, 2012 4:10:24 PM org.glassfish.ejb.embedded.DeploymentElement getOrCreateApplication
INFO: [DeploymentElement] adding library to ScatteredArchive ant-junit.jar
Feb 13, 2012 4:10:24 PM org.glassfish.ejb.embedded.DeploymentElement getOrCreateApplication
INFO: [DeploymentElement] adding library to ScatteredArchive classes
Feb 13, 2012 4:10:24 PM org.glassfish.ejb.embedded.DeploymentElement getOrCreateApplication
INFO: [DeploymentElement] adding library to ScatteredArchive jaxb-api-osgi.jar
Feb 13, 2012 4:10:24 PM org.glassfish.ejb.embedded.DeploymentElement getOrCreateApplication
INFO: [DeploymentElement] adding library to ScatteredArchive ant-launcher.jar
Feb 13, 2012 4:10:24 PM org.glassfish.ejb.embedded.DeploymentElement getOrCreateApplication
INFO: [DeploymentElement] adding library to ScatteredArchive jersey-core.jar
Feb 13, 2012 4:10:24 PM org.glassfish.ejb.embedded.DeploymentElement getOrCreateApplication
INFO: [DeploymentElement] adding library to ScatteredArchive commons-codec-1.6-bin.zip
Feb 13, 2012 4:10:24 PM org.glassfish.ejb.embedded.DeploymentElement getOrCreateApplication
INFO: [DeploymentElement] adding library to ScatteredArchive log4j-1.2.15.jar
Feb 13, 2012 4:10:24 PM org.glassfish.ejb.embedded.DeploymentElement getOrCreateApplication
INFO: [DeploymentElement] adding library to ScatteredArchive junit-4.8.2.jar
Feb 13, 2012 4:10:24 PM org.glassfish.ejb.embedded.DeploymentElement getOrCreateApplication
INFO: [DeploymentElement] adding library to ScatteredArchive javax.persistence.jar
Feb 13, 2012 4:10:24 PM org.glassfish.ejb.embedded.DeploymentElement getOrCreateApplication
INFO: [DeploymentElement] adding library to ScatteredArchive primefaces-3.0.RC2.jar
Feb 13, 2012 4:10:24 PM org.glassfish.ejb.embedded.DeploymentElement getOrCreateApplication
INFO: [DeploymentElement] adding library to ScatteredArchive ant-junit4.jar
Feb 13, 2012 4:10:24 PM org.glassfish.ejb.embedded.DeploymentElement getOrCreateApplication
INFO: [DeploymentElement] adding library to ScatteredArchive derby.jar
Feb 13, 2012 4:10:24 PM org.glassfish.ejb.embedded.EJBContainerImpl deploy
INFO: [EJBContainerImpl] Deploying app: org.glassfish.embeddable.archive.ScatteredArchive@23461d1
Feb 13, 2012 4:11:23 PM org.hibernate.validator.util.Version <clinit>
INFO: Hibernate Validator 4.1.0.Final
Feb 13, 2012 4:11:23 PM org.hibernate.validator.engine.resolver.DefaultTraversableResolver detectJPA
INFO: Instantiated an instance of org.hibernate.validator.engine.resolver.JPATraversableResolver.
Feb 13, 2012 4:11:56 PM com.sun.enterprise.security.SecurityLifecycle <init>
INFO: SEC1002: Security Manager is OFF.
Feb 13, 2012 4:11:57 PM com.sun.enterprise.security.SecurityLifecycle onInitialization
INFO: SEC1010: Entering Security Startup Service
Feb 13, 2012 4:11:57 PM com.sun.enterprise.security.PolicyLoader loadPolicy
INFO: SEC1143: Loading policy provider com.sun.enterprise.security.jacc.provider.SimplePolicyProvider.
Feb 13, 2012 4:11:57 PM com.sun.enterprise.security.auth.realm.Realm doInstantiate
INFO: SEC1115: Realm [admin-realm] of classtype [com.sun.enterprise.security.auth.realm.file.FileRealm] successfully created.
Feb 13, 2012 4:11:57 PM com.sun.enterprise.security.auth.realm.Realm doInstantiate
INFO: SEC1115: Realm [file] of classtype [com.sun.enterprise.security.auth.realm.file.FileRealm] successfully created.
Feb 13, 2012 4:11:57 PM com.sun.enterprise.security.auth.realm.Realm doInstantiate
INFO: SEC1115: Realm [certificate] of classtype [com.sun.enterprise.security.auth.realm.certificate.CertificateRealm] successfully created.
Feb 13, 2012 4:11:57 PM com.sun.enterprise.security.SecurityLifecycle onInitialization
INFO: SEC1011: Security Service(s) Started Successfully
Feb 13, 2012 4:12:01 PM org.glassfish.api.ActionReport failure
SEVERE: Exception while invoking class org.glassfish.persistence.jpa.JPADeployer prepare method
Feb 13, 2012 4:12:01 PM org.glassfish.api.ActionReport failure
SEVERE: Exception while preparing the app
Feb 13, 2012 4:12:01 PM com.sun.enterprise.v3.server.ApplicationLifecycle deploy
SEVERE: Invalid resource : derby/Skeleton__pm
java.lang.RuntimeException: Invalid resource : derby/Skeleton__pm
	at com.sun.enterprise.connectors.ConnectorRuntime.lookupDataSourceInDAS(ConnectorRuntime.java:540)
	at com.sun.enterprise.connectors.ConnectorRuntime.lookupPMResource(ConnectorRuntime.java:469)
	at org.glassfish.persistence.common.PersistenceHelper.lookupPMResource(PersistenceHelper.java:63)
	at org.glassfish.persistence.jpa.ProviderContainerContractInfoBase.lookupDataSource(ProviderContainerContractInfoBase.java:71)
	at org.glassfish.persistence.jpa.PersistenceUnitInfoImpl.<init>(PersistenceUnitInfoImpl.java:108)
	at org.glassfish.persistence.jpa.PersistenceUnitLoader.loadPU(PersistenceUnitLoader.java:154)
	at org.glassfish.persistence.jpa.PersistenceUnitLoader.<init>(PersistenceUnitLoader.java:119)
	at org.glassfish.persistence.jpa.JPADeployer$1.visitPUD(JPADeployer.java:214)
	at org.glassfish.persistence.jpa.JPADeployer$PersistenceUnitDescriptorIterator.iteratePUDs(JPADeployer.java:483)
	at org.glassfish.persistence.jpa.JPADeployer.createEMFs(JPADeployer.java:221)
	at org.glassfish.persistence.jpa.JPADeployer.prepare(JPADeployer.java:167)
	at com.sun.enterprise.v3.server.ApplicationLifecycle.prepareModule(ApplicationLifecycle.java:872)
	at com.sun.enterprise.v3.server.ApplicationLifecycle.deploy(ApplicationLifecycle.java:410)
	at com.sun.enterprise.v3.server.ApplicationLifecycle.deploy(ApplicationLifecycle.java:240)
	at org.glassfish.deployment.admin.DeployCommand.execute(DeployCommand.java:382)
	at com.sun.enterprise.v3.admin.CommandRunnerImpl$1.execute(CommandRunnerImpl.java:355)
	at com.sun.enterprise.v3.admin.CommandRunnerImpl.doCommand(CommandRunnerImpl.java:370)
	at com.sun.enterprise.v3.admin.CommandRunnerImpl.doCommand(CommandRunnerImpl.java:1064)
	at com.sun.enterprise.v3.admin.CommandRunnerImpl.access$1200(CommandRunnerImpl.java:96)
	at com.sun.enterprise.v3.admin.CommandRunnerImpl$ExecutionContext.execute(CommandRunnerImpl.java:1244)
	at com.sun.enterprise.v3.admin.CommandRunnerImpl$ExecutionContext.execute(CommandRunnerImpl.java:1232)
	at com.sun.enterprise.admin.cli.embeddable.DeployerImpl.deploy(DeployerImpl.java:129)
	at com.sun.enterprise.admin.cli.embeddable.DeployerImpl.deploy(DeployerImpl.java:105)
	at org.glassfish.ejb.embedded.EJBContainerImpl.deploy(EJBContainerImpl.java:140)
	at org.glassfish.ejb.embedded.EJBContainerProviderImpl.createEJBContainer(EJBContainerProviderImpl.java:134)
	at javax.ejb.embeddable.EJBContainer.createEJBContainer(EJBContainer.java:127)
	at testBase.TestContainer.getContainer(TestContainer.java:46)
	at presentation.LoginControllerTest.testIsAuthenticated(LoginControllerTest.java:99)
	at sun.reflect.NativeMethodAccessorImpl.invoke0(Native Method)
	at sun.reflect.NativeMethodAccessorImpl.invoke(NativeMethodAccessorImpl.java:57)
	at sun.reflect.DelegatingMethodAccessorImpl.invoke(DelegatingMethodAccessorImpl.java:43)
	at java.lang.reflect.Method.invoke(Method.java:616)
	at org.junit.runners.model.FrameworkMethod$1.runReflectiveCall(FrameworkMethod.java:44)
	at org.junit.internal.runners.model.ReflectiveCallable.run(ReflectiveCallable.java:15)
	at org.junit.runners.model.FrameworkMethod.invokeExplosively(FrameworkMethod.java:41)
	at org.junit.internal.runners.statements.InvokeMethod.evaluate(InvokeMethod.java:20)
	at org.junit.internal.runners.statements.RunBefores.evaluate(RunBefores.java:28)
	at org.junit.internal.runners.statements.RunAfters.evaluate(RunAfters.java:31)
	at org.junit.runners.BlockJUnit4ClassRunner.runNotIgnored(BlockJUnit4ClassRunner.java:79)
	at org.junit.runners.BlockJUnit4ClassRunner.runChild(BlockJUnit4ClassRunner.java:71)
	at org.junit.runners.BlockJUnit4ClassRunner.runChild(BlockJUnit4ClassRunner.java:49)
	at org.junit.runners.ParentRunner$3.run(ParentRunner.java:193)
	at org.junit.runners.ParentRunner$1.schedule(ParentRunner.java:52)
	at org.junit.runners.ParentRunner.runChildren(ParentRunner.java:191)
	at org.junit.runners.ParentRunner.access$000(ParentRunner.java:42)
	at org.junit.runners.ParentRunner$2.evaluate(ParentRunner.java:184)
	at org.junit.internal.runners.statements.RunBefores.evaluate(RunBefores.java:28)
	at org.junit.internal.runners.statements.RunAfters.evaluate(RunAfters.java:31)
	at org.junit.runners.ParentRunner.run(ParentRunner.java:236)
	at junit.framework.JUnit4TestAdapter.run(JUnit4TestAdapter.java:39)
	at org.apache.tools.ant.taskdefs.optional.junit.JUnitTestRunner.run(JUnitTestRunner.java:518)
	at org.apache.tools.ant.taskdefs.optional.junit.JUnitTestRunner.launch(JUnitTestRunner.java:1052)
	at org.apache.tools.ant.taskdefs.optional.junit.JUnitTestRunner.main(JUnitTestRunner.java:906)
Caused by: com.sun.appserv.connectors.internal.api.ConnectorRuntimeException: Invalid resource : derby/Skeleton__pm
	at com.sun.enterprise.connectors.service.ConnectorResourceAdminServiceImpl$MyDataSource.validateResource(ConnectorResourceAdminServiceImpl.java:274)
	at com.sun.enterprise.connectors.service.ConnectorResourceAdminServiceImpl$MyDataSource.setResourceInfo(ConnectorResourceAdminServiceImpl.java:255)
	at com.sun.enterprise.connectors.service.ConnectorResourceAdminServiceImpl.lookupDataSourceInDAS(ConnectorResourceAdminServiceImpl.java:245)
	at com.sun.enterprise.connectors.ConnectorRuntime.lookupDataSourceInDAS(ConnectorRuntime.java:538)
	... 52 more
Feb 13, 2012 4:12:01 PM org.glassfish.deployment.admin.DeployCommand execute
SEVERE: Exception while preparing the app : Invalid resource : derby/Skeleton__pm
com.sun.appserv.connectors.internal.api.ConnectorRuntimeException: Invalid resource : derby/Skeleton__pm
	at com.sun.enterprise.connectors.service.ConnectorResourceAdminServiceImpl$MyDataSource.validateResource(ConnectorResourceAdminServiceImpl.java:274)
	at com.sun.enterprise.connectors.service.ConnectorResourceAdminServiceImpl$MyDataSource.setResourceInfo(ConnectorResourceAdminServiceImpl.java:255)
	at com.sun.enterprise.connectors.service.ConnectorResourceAdminServiceImpl.lookupDataSourceInDAS(ConnectorResourceAdminServiceImpl.java:245)
	at com.sun.enterprise.connectors.ConnectorRuntime.lookupDataSourceInDAS(ConnectorRuntime.java:538)
	at com.sun.enterprise.connectors.ConnectorRuntime.lookupPMResource(ConnectorRuntime.java:469)
	at org.glassfish.persistence.common.PersistenceHelper.lookupPMResource(PersistenceHelper.java:63)
	at org.glassfish.persistence.jpa.ProviderContainerContractInfoBase.lookupDataSource(ProviderContainerContractInfoBase.java:71)
	at org.glassfish.persistence.jpa.PersistenceUnitInfoImpl.<init>(PersistenceUnitInfoImpl.java:108)
	at org.glassfish.persistence.jpa.PersistenceUnitLoader.loadPU(PersistenceUnitLoader.java:154)
	at org.glassfish.persistence.jpa.PersistenceUnitLoader.<init>(PersistenceUnitLoader.java:119)
	at org.glassfish.persistence.jpa.JPADeployer$1.visitPUD(JPADeployer.java:214)
	at org.glassfish.persistence.jpa.JPADeployer$PersistenceUnitDescriptorIterator.iteratePUDs(JPADeployer.java:483)
	at org.glassfish.persistence.jpa.JPADeployer.createEMFs(JPADeployer.java:221)
	at org.glassfish.persistence.jpa.JPADeployer.prepare(JPADeployer.java:167)
	at com.sun.enterprise.v3.server.ApplicationLifecycle.prepareModule(ApplicationLifecycle.java:872)
	at com.sun.enterprise.v3.server.ApplicationLifecycle.deploy(ApplicationLifecycle.java:410)
	at com.sun.enterprise.v3.server.ApplicationLifecycle.deploy(ApplicationLifecycle.java:240)
	at org.glassfish.deployment.admin.DeployCommand.execute(DeployCommand.java:382)
	at com.sun.enterprise.v3.admin.CommandRunnerImpl$1.execute(CommandRunnerImpl.java:355)
	at com.sun.enterprise.v3.admin.CommandRunnerImpl.doCommand(CommandRunnerImpl.java:370)
	at com.sun.enterprise.v3.admin.CommandRunnerImpl.doCommand(CommandRunnerImpl.java:1064)
	at com.sun.enterprise.v3.admin.CommandRunnerImpl.access$1200(CommandRunnerImpl.java:96)
	at com.sun.enterprise.v3.admin.CommandRunnerImpl$ExecutionContext.execute(CommandRunnerImpl.java:1244)
	at com.sun.enterprise.v3.admin.CommandRunnerImpl$ExecutionContext.execute(CommandRunnerImpl.java:1232)
	at com.sun.enterprise.admin.cli.embeddable.DeployerImpl.deploy(DeployerImpl.java:129)
	at com.sun.enterprise.admin.cli.embeddable.DeployerImpl.deploy(DeployerImpl.java:105)
	at org.glassfish.ejb.embedded.EJBContainerImpl.deploy(EJBContainerImpl.java:140)
	at org.glassfish.ejb.embedded.EJBContainerProviderImpl.createEJBContainer(EJBContainerProviderImpl.java:134)
	at javax.ejb.embeddable.EJBContainer.createEJBContainer(EJBContainer.java:127)
	at testBase.TestContainer.getContainer(TestContainer.java:46)
	at presentation.LoginControllerTest.testIsAuthenticated(LoginControllerTest.java:99)
	at sun.reflect.NativeMethodAccessorImpl.invoke0(Native Method)
	at sun.reflect.NativeMethodAccessorImpl.invoke(NativeMethodAccessorImpl.java:57)
	at sun.reflect.DelegatingMethodAccessorImpl.invoke(DelegatingMethodAccessorImpl.java:43)
	at java.lang.reflect.Method.invoke(Method.java:616)
	at org.junit.runners.model.FrameworkMethod$1.runReflectiveCall(FrameworkMethod.java:44)
	at org.junit.internal.runners.model.ReflectiveCallable.run(ReflectiveCallable.java:15)
	at org.junit.runners.model.FrameworkMethod.invokeExplosively(FrameworkMethod.java:41)
	at org.junit.internal.runners.statements.InvokeMethod.evaluate(InvokeMethod.java:20)
	at org.junit.internal.runners.statements.RunBefores.evaluate(RunBefores.java:28)
	at org.junit.internal.runners.statements.RunAfters.evaluate(RunAfters.java:31)
	at org.junit.runners.BlockJUnit4ClassRunner.runNotIgnored(BlockJUnit4ClassRunner.java:79)
	at org.junit.runners.BlockJUnit4ClassRunner.runChild(BlockJUnit4ClassRunner.java:71)
	at org.junit.runners.BlockJUnit4ClassRunner.runChild(BlockJUnit4ClassRunner.java:49)
	at org.junit.runners.ParentRunner$3.run(ParentRunner.java:193)
	at org.junit.runners.ParentRunner$1.schedule(ParentRunner.java:52)
	at org.junit.runners.ParentRunner.runChildren(ParentRunner.java:191)
	at org.junit.runners.ParentRunner.access$000(ParentRunner.java:42)
	at org.junit.runners.ParentRunner$2.evaluate(ParentRunner.java:184)
	at org.junit.internal.runners.statements.RunBefores.evaluate(RunBefores.java:28)
	at org.junit.internal.runners.statements.RunAfters.evaluate(RunAfters.java:31)
	at org.junit.runners.ParentRunner.run(ParentRunner.java:236)
	at junit.framework.JUnit4TestAdapter.run(JUnit4TestAdapter.java:39)
	at org.apache.tools.ant.taskdefs.optional.junit.JUnitTestRunner.run(JUnitTestRunner.java:518)
	at org.apache.tools.ant.taskdefs.optional.junit.JUnitTestRunner.launch(JUnitTestRunner.java:1052)
	at org.apache.tools.ant.taskdefs.optional.junit.JUnitTestRunner.main(JUnitTestRunner.java:906)
Feb 13, 2012 4:12:02 PM org.glassfish.ejb.embedded.EJBContainerProviderImpl createEJBContainer
INFO: [EJBContainerProviderImpl] Cleaning up on failure ...
Feb 13, 2012 4:12:02 PM org.glassfish.admin.mbeanserver.JMXStartupService shutdown
INFO: JMXStartupService and JMXConnectors have been shut down.
Feb 13, 2012 4:12:02 PM com.sun.enterprise.v3.server.AppServerStartup stop
INFO: Shutdown procedure finished
Feb 13, 2012 4:12:02 PM AppServerStartup run
INFO: [Thread[GlassFish Kernel Main Thread,5,main]] exiting
]]></system-err>
</testsuite>
